<?xml version="1.0" encoding="UTF-8"?>
<!-- Generated by org.testng.reporters.JUnitReportReporter -->
<testsuite hostname="CA-CVQGBY1" name="com.morningstar.phoenix.tests.caqa.Example1" tests="1" failures="0" timestamp="13 Jul 2016 13:18:56 GMT" time="12.544" errors="0">
  <testcase name="Example_001" time="12.544" classname="com.morningstar.phoenix.tests.caqa.Example1"/>
</testsuite> <!-- com.morningstar.phoenix.tests.caqa.Example1 -->
